c:\users\jodys\vandy\courses\cs8395 - augmented reality\assignments\assign-2-book-target\unity_project\uwp\build\bin\win32\debug\unityplayer.winmd
c:\users\jodys\vandy\courses\cs8395 - augmented reality\assignments\assign-2-book-target\unity_project\uwp\build\bin\win32\debug\unityplayer.dll
c:\users\jodys\vandy\courses\cs8395 - augmented reality\assignments\assign-2-book-target\unity_project\uwp\build\bin\win32\debug\unityplayer_uap_x86_debug_il2cpp.pdb
c:\users\jodys\vandy\courses\cs8395 - augmented reality\assignments\assign-2-book-target\unity_project\uwp\build\bin\win32\debug\assign2.winmd
c:\users\jodys\vandy\courses\cs8395 - augmented reality\assignments\assign-2-book-target\unity_project\uwp\build\obj\assign2\win32\debug\assign2.vcxprojassemblyreference.cache
c:\users\jodys\vandy\courses\cs8395 - augmented reality\assignments\assign-2-book-target\unity_project\uwp\build\obj\assign2\win32\debug\assign2.vcxproj.copycomplete
c:\users\jodys\vandy\courses\cs8395 - augmented reality\assignments\assign-2-book-target\unity_project\uwp\build\obj\assign2\win32\debug\resourcehandlingtask.state
c:\users\jodys\vandy\courses\cs8395 - augmented reality\assignments\assign-2-book-target\unity_project\uwp\build\obj\assign2\win32\debug\assign2.vcxproj.generateresource.cache
c:\users\jodys\vandy\courses\cs8395 - augmented reality\assignments\assign-2-book-target\unity_project\uwp\build\obj\assign2\win32\debug\priconfig.xml
c:\users\jodys\vandy\courses\cs8395 - augmented reality\assignments\assign-2-book-target\unity_project\uwp\build\obj\assign2\win32\debug\priconfig.xml.intermediate
c:\users\jodys\vandy\courses\cs8395 - augmented reality\assignments\assign-2-book-target\unity_project\uwp\build\obj\assign2\win32\debug\unfiltered.layout.resfiles
c:\users\jodys\vandy\courses\cs8395 - augmented reality\assignments\assign-2-book-target\unity_project\uwp\build\obj\assign2\win32\debug\unfiltered.layout.resfiles.intermediate
c:\users\jodys\vandy\courses\cs8395 - augmented reality\assignments\assign-2-book-target\unity_project\uwp\build\obj\assign2\win32\debug\filtered.layout.resfiles
c:\users\jodys\vandy\courses\cs8395 - augmented reality\assignments\assign-2-book-target\unity_project\uwp\build\obj\assign2\win32\debug\filtered.layout.resfiles.intermediate
c:\users\jodys\vandy\courses\cs8395 - augmented reality\assignments\assign-2-book-target\unity_project\uwp\build\obj\assign2\win32\debug\excluded.layout.resfiles
c:\users\jodys\vandy\courses\cs8395 - augmented reality\assignments\assign-2-book-target\unity_project\uwp\build\obj\assign2\win32\debug\excluded.layout.resfiles.intermediate
c:\users\jodys\vandy\courses\cs8395 - augmented reality\assignments\assign-2-book-target\unity_project\uwp\build\obj\assign2\win32\debug\resources.resfiles
c:\users\jodys\vandy\courses\cs8395 - augmented reality\assignments\assign-2-book-target\unity_project\uwp\build\obj\assign2\win32\debug\resources.resfiles.intermediate
c:\users\jodys\vandy\courses\cs8395 - augmented reality\assignments\assign-2-book-target\unity_project\uwp\build\obj\assign2\win32\debug\pri.resfiles
c:\users\jodys\vandy\courses\cs8395 - augmented reality\assignments\assign-2-book-target\unity_project\uwp\build\obj\assign2\win32\debug\pri.resfiles.intermediate
c:\users\jodys\vandy\courses\cs8395 - augmented reality\assignments\assign-2-book-target\unity_project\uwp\build\bin\win32\debug\resources.pri
c:\users\jodys\vandy\courses\cs8395 - augmented reality\assignments\assign-2-book-target\unity_project\uwp\build\obj\assign2\win32\debug\qualifiers.txt
c:\users\jodys\vandy\courses\cs8395 - augmented reality\assignments\assign-2-book-target\unity_project\uwp\build\obj\assign2\win32\debug\qualifiers.txt.intermediate
c:\users\jodys\vandy\courses\cs8395 - augmented reality\assignments\assign-2-book-target\unity_project\uwp\build\obj\assign2\win32\debug\multiplequalifiersperdimensionfound.txt
c:\users\jodys\vandy\courses\cs8395 - augmented reality\assignments\assign-2-book-target\unity_project\uwp\build\obj\assign2\win32\debug\projectarchitectures.txt
c:\users\jodys\vandy\courses\cs8395 - augmented reality\assignments\assign-2-book-target\unity_project\uwp\build\obj\assign2\win32\debug\.winmd_cache\$unityplayer.winmd_637153773460000000.json
c:\users\jodys\vandy\courses\cs8395 - augmented reality\assignments\assign-2-book-target\unity_project\uwp\build\bin\win32\debug\appxmanifest.xml
c:\users\jodys\vandy\courses\cs8395 - augmented reality\assignments\assign-2-book-target\unity_project\uwp\build\bin\win32\debug\assign2.build.appxrecipe
c:\users\jodys\vandy\courses\cs8395 - augmented reality\assignments\assign-2-book-target\unity_project\uwp\build\obj\assign2\win32\debug\assign2.pch
c:\users\jodys\vandy\courses\cs8395 - augmented reality\assignments\assign-2-book-target\unity_project\uwp\build\obj\assign2\win32\debug\vc141.pdb
c:\users\jodys\vandy\courses\cs8395 - augmented reality\assignments\assign-2-book-target\unity_project\uwp\build\obj\assign2\win32\debug\vc141.idb
c:\users\jodys\vandy\courses\cs8395 - augmented reality\assignments\assign-2-book-target\unity_project\uwp\build\obj\assign2\win32\debug\pch.obj
c:\users\jodys\vandy\courses\cs8395 - augmented reality\assignments\assign-2-book-target\unity_project\uwp\build\obj\assign2\win32\debug\unitygenerated.obj
c:\users\jodys\vandy\courses\cs8395 - augmented reality\assignments\assign-2-book-target\unity_project\uwp\build\obj\assign2\win32\debug\app.obj
c:\users\jodys\vandy\courses\cs8395 - augmented reality\assignments\assign-2-book-target\unity_project\uwp\build\obj\assign2\win32\debug\main.obj
c:\users\jodys\vandy\courses\cs8395 - augmented reality\assignments\assign-2-book-target\unity_project\uwp\build\bin\win32\debug\assign2.ilk
c:\users\jodys\vandy\courses\cs8395 - augmented reality\assignments\assign-2-book-target\unity_project\uwp\build\bin\win32\debug\assign2.exe
c:\users\jodys\vandy\courses\cs8395 - augmented reality\assignments\assign-2-book-target\unity_project\uwp\build\bin\win32\debug\assign2.pdb
c:\users\jodys\vandy\courses\cs8395 - augmented reality\assignments\assign-2-book-target\unity_project\uwp\build\obj\assign2\win32\debug\assign2.tlog\assign2.read.1u.tlog
c:\users\jodys\vandy\courses\cs8395 - augmented reality\assignments\assign-2-book-target\unity_project\uwp\build\obj\assign2\win32\debug\assign2.tlog\assign2.write.1u.tlog
c:\users\jodys\vandy\courses\cs8395 - augmented reality\assignments\assign-2-book-target\unity_project\uwp\build\obj\assign2\win32\debug\assign2.tlog\cl.command.1.tlog
c:\users\jodys\vandy\courses\cs8395 - augmented reality\assignments\assign-2-book-target\unity_project\uwp\build\obj\assign2\win32\debug\assign2.tlog\cl.read.1.tlog
c:\users\jodys\vandy\courses\cs8395 - augmented reality\assignments\assign-2-book-target\unity_project\uwp\build\obj\assign2\win32\debug\assign2.tlog\cl.write.1.tlog
c:\users\jodys\vandy\courses\cs8395 - augmented reality\assignments\assign-2-book-target\unity_project\uwp\build\obj\assign2\win32\debug\assign2.tlog\link.command.1.tlog
c:\users\jodys\vandy\courses\cs8395 - augmented reality\assignments\assign-2-book-target\unity_project\uwp\build\obj\assign2\win32\debug\assign2.tlog\link.read.1.tlog
c:\users\jodys\vandy\courses\cs8395 - augmented reality\assignments\assign-2-book-target\unity_project\uwp\build\obj\assign2\win32\debug\assign2.tlog\link.write.1.tlog
